-------------------------------------------------------------------------------
Test set: runners.Runner
-------------------------------------------------------------------------------
Tests run: 7, Failures: 1, Errors: 0, Skipped: 0, Time elapsed: 11.405 s <<< FAILURE! - in runners.Runner
Create Account - api.Create account WITH EXISTING EMAIL FAILS An account using this email address has already been registered.  Time elapsed: 0.836 s  <<< FAILURE!
java.lang.AssertionError: 
Expected: An account using this email address has already been registered.
Actual: [An account using this email address has already been registered. Please enter a valid password or request a new one. ]

