<?xml version="1.0" encoding="UTF-8"?>
<testsuite xmlns:xsi="http://www.w3.org/2001/XMLSchema-instance" xsi:noNamespaceSchemaLocation="https://maven.apache.org/surefire/maven-failsafe-plugin/xsd/failsafe-test-report-3.0.xsd" version="3.0" name="runners.Runner" time="12.705" tests="7" errors="0" skipped="0" failures="1">
  <properties>
[...]
</properties>
  <testcase name="Create account WITHOUT EMAIL FAILS Invalid email address." classname="Create Account - api" time="5.197">
    <system-out><![CDATA[
@smoke @api @createAccount_api
Scenario Outline: Create account WITHOUT EMAIL FAILS Invalid email address.           &amp#27;[90m# src/test/resources/features/TC_1000_create_account.feature:22&amp#27;[0m
  &amp#27;[32mGiven &amp#27;[0m&amp#27;[32mthe account creation endpoint is &amp#27;[0m&amp#27;[32m&amp#27;[1m"?controller=authentication&back=my-account"&amp#27;[0m &amp#27;[90m# stepdefinitions.AccountSteps_API.the_account_creation_endpoint_is(java.lang.String)&amp#27;[0m
  &amp#27;[32mAnd &amp#27;[0m&amp#27;[32mI want to create an account with the following attributes:&amp#27;[0m                      &amp#27;[90m# stepdefinitions.AccountCommonSteps.i_want_to_create_an_account_with_the_following_attributes(java.util.List<pojos.User>)&amp#27;[0m
  &amp#27;[32mAnd &amp#27;[0m&amp#27;[32mwith the following address information:&amp#27;[0m                                         &amp#27;[90m# stepdefinitions.AccountCommonSteps.with_the_following_address_information(java.util.List<pojos.Address>)&amp#27;[0m
  &amp#27;[32mWhen &amp#27;[0m&amp#27;[32mI save the new account by api &amp#27;[0m&amp#27;[32m&amp#27;[1m'WITHOUT EMAIL'&amp#27;[0m                                  &amp#27;[90m# stepdefinitions.AccountSteps_API.i_save_the_new_account_by_api(java.lang.String)&amp#27;[0m
  &amp#27;[32mThen &amp#27;[0m&amp#27;[32mthe save &amp#27;[0m&amp#27;[32m&amp#27;[1m'FAILS'&amp#27;[0m                                                               &amp#27;[90m# stepdefinitions.AccountCommonSteps.the_save(java.lang.String)&amp#27;[0m
  &amp#27;[32mAnd &amp#27;[0m&amp#27;[32mthe response on api should be: &amp#27;[0m&amp#27;[32m&amp#27;[1m'Invalid email address.'&amp#27;[0m                         &amp#27;[90m# stepdefinitions.AccountSteps_API.the_response_on_api_should_be(java.lang.String)&amp#27;[0m
]]></system-out>
  </testcase>
  <testcase name="Create account WITH INVALID EMAIL FAILS Invalid email address." classname="Create Account - api" time="0.826">
    <system-out><![CDATA[
@smoke @api @createAccount_api
Scenario Outline: Create account WITH INVALID EMAIL FAILS Invalid email address.      &amp#27;[90m# src/test/resources/features/TC_1000_create_account.feature:23&amp#27;[0m
  &amp#27;[32mGiven &amp#27;[0m&amp#27;[32mthe account creation endpoint is &amp#27;[0m&amp#27;[32m&amp#27;[1m"?controller=authentication&back=my-account"&amp#27;[0m &amp#27;[90m# stepdefinitions.AccountSteps_API.the_account_creation_endpoint_is(java.lang.String)&amp#27;[0m
  &amp#27;[32mAnd &amp#27;[0m&amp#27;[32mI want to create an account with the following attributes:&amp#27;[0m                      &amp#27;[90m# stepdefinitions.AccountCommonSteps.i_want_to_create_an_account_with_the_following_attributes(java.util.List<pojos.User>)&amp#27;[0m
  &amp#27;[32mAnd &amp#27;[0m&amp#27;[32mwith the following address information:&amp#27;[0m                                         &amp#27;[90m# stepdefinitions.AccountCommonSteps.with_the_following_address_information(java.util.List<pojos.Address>)&amp#27;[0m
  &amp#27;[32mWhen &amp#27;[0m&amp#27;[32mI save the new account by api &amp#27;[0m&amp#27;[32m&amp#27;[1m'WITH INVALID EMAIL'&amp#27;[0m                             &amp#27;[90m# stepdefinitions.AccountSteps_API.i_save_the_new_account_by_api(java.lang.String)&amp#27;[0m
  &amp#27;[32mThen &amp#27;[0m&amp#27;[32mthe save &amp#27;[0m&amp#27;[32m&amp#27;[1m'FAILS'&amp#27;[0m                                                               &amp#27;[90m# stepdefinitions.AccountCommonSteps.the_save(java.lang.String)&amp#27;[0m
  &amp#27;[32mAnd &amp#27;[0m&amp#27;[32mthe response on api should be: &amp#27;[0m&amp#27;[32m&amp#27;[1m'Invalid email address.'&amp#27;[0m                         &amp#27;[90m# stepdefinitions.AccountSteps_API.the_response_on_api_should_be(java.lang.String)&amp#27;[0m
]]></system-out>
  </testcase>
  <testcase name="Create account WITH EXISTING EMAIL FAILS An account using this email address has already been registered." classname="Create Account - api" time="0.765">
    <failure message="Expected: An account using this email address has already been registered.&#10;Actual: [An account using this email address has already been registered. Please enter a valid password or request a new one. ]" type="java.lang.AssertionError"><![CDATA[java.lang.AssertionError: 
Expected: An account using this email address has already been registered.
Actual: [An account using this email address has already been registered. Please enter a valid password or request a new one. ]
]]></failure>
    <system-out><![CDATA[
@smoke @api @createAccount_api
Scenario Outline: Create account WITH EXISTING EMAIL FAILS An account using this email address has already been registered. &amp#27;[90m# src/test/resources/features/TC_1000_create_account.feature:24&amp#27;[0m
  &amp#27;[32mGiven &amp#27;[0m&amp#27;[32mthe account creation endpoint is &amp#27;[0m&amp#27;[32m&amp#27;[1m"?controller=authentication&back=my-account"&amp#27;[0m                                       &amp#27;[90m# stepdefinitions.AccountSteps_API.the_account_creation_endpoint_is(java.lang.String)&amp#27;[0m
  &amp#27;[32mAnd &amp#27;[0m&amp#27;[32mI want to create an account with the following attributes:&amp#27;[0m                                                            &amp#27;[90m# stepdefinitions.AccountCommonSteps.i_want_to_create_an_account_with_the_following_attributes(java.util.List<pojos.User>)&amp#27;[0m
  &amp#27;[32mAnd &amp#27;[0m&amp#27;[32mwith the following address information:&amp#27;[0m                                                                               &amp#27;[90m# stepdefinitions.AccountCommonSteps.with_the_following_address_information(java.util.List<pojos.Address>)&amp#27;[0m
  &amp#27;[32mWhen &amp#27;[0m&amp#27;[32mI save the new account by api &amp#27;[0m&amp#27;[32m&amp#27;[1m'WITH EXISTING EMAIL'&amp#27;[0m                                                                  &amp#27;[90m# stepdefinitions.AccountSteps_API.i_save_the_new_account_by_api(java.lang.String)&amp#27;[0m
  &amp#27;[32mThen &amp#27;[0m&amp#27;[32mthe save &amp#27;[0m&amp#27;[32m&amp#27;[1m'FAILS'&amp#27;[0m                                                                                                     &amp#27;[90m# stepdefinitions.AccountCommonSteps.the_save(java.lang.String)&amp#27;[0m
  &amp#27;[31mAnd &amp#27;[0m&amp#27;[31mthe response on api should be: &amp#27;[0m&amp#27;[31m&amp#27;[1m'An account using this email address has already been registered.'&amp#27;[0m                     &amp#27;[90m# stepdefinitions.AccountSteps_API.the_response_on_api_should_be(java.lang.String)&amp#27;[0m
      &amp#27;[31mjava.lang.AssertionError: Expected: An account using this email address has already been registered.
Actual: [An account using this email address has already been registered. Please enter a valid password or request a new one. ]
	at org.junit.Assert.fail(Assert.java:89)
	at org.junit.Assert.assertTrue(Assert.java:42)
	at stepdefinitions.AccountSteps_API.the_response_on_api_should_be(AccountSteps_API.java:42)
	at ���.the response on api should be: 'An account using this email address has already been registered.'(file:///Users/mahmutkaya/workspace/com.automationpractice/src/test/resources/features/TC_1000_create_account.feature:17)
&amp#27;[0m
]]></system-out>
  </testcase>
  <testcase name="Create account WITH NEW/VALID EMAIL IS SUCCESSFUL " classname="Create Account - api" time="0.853">
    <system-out><![CDATA[
@smoke @api @createAccount_api
Scenario Outline: Create account WITH NEW/VALID EMAIL IS SUCCESSFUL                   &amp#27;[90m# src/test/resources/features/TC_1000_create_account.feature:25&amp#27;[0m
  &amp#27;[32mGiven &amp#27;[0m&amp#27;[32mthe account creation endpoint is &amp#27;[0m&amp#27;[32m&amp#27;[1m"?controller=authentication&back=my-account"&amp#27;[0m &amp#27;[90m# stepdefinitions.AccountSteps_API.the_account_creation_endpoint_is(java.lang.String)&amp#27;[0m
  &amp#27;[32mAnd &amp#27;[0m&amp#27;[32mI want to create an account with the following attributes:&amp#27;[0m                      &amp#27;[90m# stepdefinitions.AccountCommonSteps.i_want_to_create_an_account_with_the_following_attributes(java.util.List<pojos.User>)&amp#27;[0m
  &amp#27;[32mAnd &amp#27;[0m&amp#27;[32mwith the following address information:&amp#27;[0m                                         &amp#27;[90m# stepdefinitions.AccountCommonSteps.with_the_following_address_information(java.util.List<pojos.Address>)&amp#27;[0m
  &amp#27;[32mWhen &amp#27;[0m&amp#27;[32mI save the new account by api &amp#27;[0m&amp#27;[32m&amp#27;[1m'WITH NEW/VALID EMAIL'&amp#27;[0m                           &amp#27;[90m# stepdefinitions.AccountSteps_API.i_save_the_new_account_by_api(java.lang.String)&amp#27;[0m
  &amp#27;[32mThen &amp#27;[0m&amp#27;[32mthe save &amp#27;[0m&amp#27;[32m&amp#27;[1m'IS SUCCESSFUL'&amp#27;[0m                                                       &amp#27;[90m# stepdefinitions.AccountCommonSteps.the_save(java.lang.String)&amp#27;[0m
  &amp#27;[32mAnd &amp#27;[0m&amp#27;[32mthe response on api should be: &amp#27;[0m&amp#27;[32m&amp#27;[1m''&amp#27;[0m                                               &amp#27;[90m# stepdefinitions.AccountSteps_API.the_response_on_api_should_be(java.lang.String)&amp#27;[0m
]]></system-out>
  </testcase>
  <testcase name="Add to cart WITH NON-AVAILABLE ID FAILS This product is no longer available." classname="Add product to cart - api" time="1.019">
    <system-out><![CDATA[
@smoke @api @addToCart_api
Scenario Outline: Add to cart WITH NON-AVAILABLE ID FAILS This product is no longer available. &amp#27;[90m# src/test/resources/features/TC_2000_add_to_cart.feature:17&amp#27;[0m
  &amp#27;[32mGiven &amp#27;[0m&amp#27;[32mthe cart endpoint is &amp#27;[0m&amp#27;[32m&amp#27;[1m"?controller=cart&ajax=true"&amp#27;[0m                                      &amp#27;[90m# stepdefinitions.CartSteps_API.the_cart_endpoint_is(java.lang.String)&amp#27;[0m
  &amp#27;[32mAnd &amp#27;[0m&amp#27;[32ma product with the following attributes:&amp#27;[0m                                                 &amp#27;[90m# stepdefinitions.CartSteps_API.a_product_with_the_following_attributes(java.util.List<java.util.Map<java.lang.String, java.lang.String>>)&amp#27;[0m
  &amp#27;[32mWhen &amp#27;[0m&amp#27;[32mI want to add the product &amp#27;[0m&amp#27;[32m&amp#27;[1m'WITH NON-AVAILABLE ID'&amp#27;[0m                                       &amp#27;[90m# stepdefinitions.CartSteps_API.i_want_to_add_the_product(java.lang.String)&amp#27;[0m
  &amp#27;[32mThen &amp#27;[0m&amp#27;[32mthe request &amp#27;[0m&amp#27;[32m&amp#27;[1m'FAILS'&amp#27;[0m                                                                     &amp#27;[90m# stepdefinitions.CartSteps_API.the_request(java.lang.String)&amp#27;[0m
  &amp#27;[32mAnd &amp#27;[0m&amp#27;[32mthe api response is: &amp#27;[0m&amp#27;[32m&amp#27;[1m'This product is no longer available.'&amp#27;[0m                              &amp#27;[90m# stepdefinitions.CartSteps_API.the_api_response_is(java.lang.String)&amp#27;[0m
]]></system-out>
  </testcase>
  <testcase name="Add to cart WITH AVAILABLE ID IS SUCCESS " classname="Add product to cart - api" time="1.145">
    <system-out><![CDATA[
@smoke @api @addToCart_api
Scenario Outline: Add to cart WITH AVAILABLE ID IS SUCCESS  &amp#27;[90m# src/test/resources/features/TC_2000_add_to_cart.feature:18&amp#27;[0m
  &amp#27;[32mGiven &amp#27;[0m&amp#27;[32mthe cart endpoint is &amp#27;[0m&amp#27;[32m&amp#27;[1m"?controller=cart&ajax=true"&amp#27;[0m   &amp#27;[90m# stepdefinitions.CartSteps_API.the_cart_endpoint_is(java.lang.String)&amp#27;[0m
  &amp#27;[32mAnd &amp#27;[0m&amp#27;[32ma product with the following attributes:&amp#27;[0m              &amp#27;[90m# stepdefinitions.CartSteps_API.a_product_with_the_following_attributes(java.util.List<java.util.Map<java.lang.String, java.lang.String>>)&amp#27;[0m
  &amp#27;[32mWhen &amp#27;[0m&amp#27;[32mI want to add the product &amp#27;[0m&amp#27;[32m&amp#27;[1m'WITH AVAILABLE ID'&amp#27;[0m        &amp#27;[90m# stepdefinitions.CartSteps_API.i_want_to_add_the_product(java.lang.String)&amp#27;[0m
  &amp#27;[32mThen &amp#27;[0m&amp#27;[32mthe request &amp#27;[0m&amp#27;[32m&amp#27;[1m'IS SUCCESS'&amp#27;[0m                             &amp#27;[90m# stepdefinitions.CartSteps_API.the_request(java.lang.String)&amp#27;[0m
  &amp#27;[32mAnd &amp#27;[0m&amp#27;[32mthe api response is: &amp#27;[0m&amp#27;[32m&amp#27;[1m''&amp#27;[0m                               &amp#27;[90m# stepdefinitions.CartSteps_API.the_api_response_is(java.lang.String)&amp#27;[0m
]]></system-out>
  </testcase>
  <testcase name="Delete from cart &lt;expectedResult&gt; &lt;response&gt;" classname="Delete product from cart - api" time="1.943">
    <system-out><![CDATA[
@smoke @api @deleteFromCart_api
Scenario: Delete from cart <expectedResult> <response>    &amp#27;[90m# src/test/resources/features/TC_2001_delete_from_cart.feature:13&amp#27;[0m
  &amp#27;[32mGiven &amp#27;[0m&amp#27;[32mthe cart endpoint is &amp#27;[0m&amp#27;[32m&amp#27;[1m"?controller=cart&ajax=true"&amp#27;[0m &amp#27;[90m# stepdefinitions.CartSteps_API.the_cart_endpoint_is(java.lang.String)&amp#27;[0m
  &amp#27;[32mAnd &amp#27;[0m&amp#27;[32ma product with the following attributes:&amp#27;[0m            &amp#27;[90m# stepdefinitions.CartSteps_API.a_product_with_the_following_attributes(java.util.List<java.util.Map<java.lang.String, java.lang.String>>)&amp#27;[0m
  &amp#27;[32mWhen &amp#27;[0m&amp#27;[32mthe product is in cart&amp#27;[0m                             &amp#27;[90m# stepdefinitions.CartSteps_API.the_product_is_in_cart()&amp#27;[0m
  &amp#27;[32mWhen &amp#27;[0m&amp#27;[32mI want to delete the product by id &amp#27;[0m&amp#27;[32m&amp#27;[1m3&amp#27;[0m               &amp#27;[90m# stepdefinitions.CartSteps_API.i_want_to_delete_the_product_by_id(int)&amp#27;[0m
  &amp#27;[32mThen &amp#27;[0m&amp#27;[32mthe product is removed from the cart&amp#27;[0m               &amp#27;[90m# stepdefinitions.CartSteps_API.the_product_is_removed_from_the_cart()&amp#27;[0m
]]></system-out>
  </testcase>
</testsuite>